<?xml version="1.0" encoding="UTF-8"?>
<Site BuildName="(empty)"
	BuildStamp="20210101-1642-Experimental"
	Name="(empty)"
	Generator="ctest-3.16.3"
	CompilerName=""
	CompilerVersion=""
	OSName="Linux"
	Hostname="hrishi007"
	OSRelease="5.4.0-42-generic"
	OSVersion="#46-Ubuntu SMP Fri Jul 10 00:24:02 UTC 2020"
	OSPlatform="x86_64"
	Is64Bits="1"
	VendorString="GenuineIntel"
	VendorID="Intel Corporation"
	FamilyID="6"
	ModelID="142"
	ProcessorCacheSize="6144"
	NumberOfLogicalCPU="8"
	NumberOfPhysicalCPU="4"
	TotalVirtualMemory="3905"
	TotalPhysicalMemory="7878"
	LogicalProcessorsPerPhysical="2"
	ProcessorClockFrequency="2222.56"
	>
	<Testing>
		<StartDateTime>Jan 01 22:12 IST</StartDateTime>
		<StartTestTime>1609519368</StartTestTime>
		<TestList>
			<Test>./test/CleanStrikeTests</Test>
		</TestList>
		<Test Status="passed">
			<Name>CleanStrikeTests</Name>
			<Path>./test</Path>
			<FullName>./test/CleanStrikeTests</FullName>
			<FullCommandLine>/home/hrishi007/Desktop/Sahaj/Project/build/test/CleanStrikeTests</FullCommandLine>
			<Results>
				<NamedMeasurement type="numeric/double" name="Execution Time">
					<Value>0.00264576</Value>
				</NamedMeasurement>
				<NamedMeasurement type="numeric/double" name="Processors">
					<Value>1</Value>
				</NamedMeasurement>
				<NamedMeasurement type="text/string" name="Completion Status">
					<Value>Completed</Value>
				</NamedMeasurement>
				<NamedMeasurement type="text/string" name="Command Line">
					<Value>/home/hrishi007/Desktop/Sahaj/Project/build/test/CleanStrikeTests</Value>
				</NamedMeasurement>
				<Measurement>
					<Value encoding="base64" compression="gzip">eJx1Tb0OgjAY3HmKG2Hp183JwQR3AiMxpja1LdLW9CvvrwRDdPCWu0vup19i9NEiKB/rBvecAsilYMhlz85LeaDW8KOkJw3KqYm6nCajC83+xmRTsrMphsu35KzJruq6zgqtq/G444L+8ymxZng73Qx48W8Wv4X/QWQVBWqJwCipqLmpRqA7DcO5BfamqF69tU08====</Value>
				</Measurement>
			</Results>
		</Test>
		<EndDateTime>Jan 01 22:12 IST</EndDateTime>
		<EndTestTime>1609519369</EndTestTime>
		<ElapsedMinutes>0</ElapsedMinutes>
	</Testing>
</Site>
