Start testing: Jan 01 22:12 IST
----------------------------------------------------------
1/1 Testing: CleanStrikeTests
1/1 Test: CleanStrikeTests
Command: "/home/hrishi007/Desktop/Sahaj/Project/build/test/CleanStrikeTests"
Directory: /home/hrishi007/Desktop/Sahaj/Project/build/test
"CleanStrikeTests" start time: Jan 01 22:12 IST
Output:
----------------------------------------------------------
Running main() from /home/hrishi007/Desktop/Sahaj/Project/libs/googletest/googletest/src/gtest_main.cc
[==========] Running 0 tests from 0 test suites.
[==========] 0 tests from 0 test suites ran. (0 ms total)
[  PASSED  ] 0 tests.
<end of output>
Test time =   0.00 sec
----------------------------------------------------------
Test Passed.
"CleanStrikeTests" end time: Jan 01 22:12 IST
"CleanStrikeTests" time elapsed: 00:00:00
----------------------------------------------------------

End testing: Jan 01 22:12 IST
